Generated at 2015-09-09 15:55:20 -0700
Errno::ENOTEMPTY: link[C:\Users\conradc/source] (local::links line 21) had an error: Errno::ENOTEMPTY: Directory not empty @ dir_s_rmdir - C:\Users\conradc/source
C:/opscode/chefdk/embedded/apps/chef/lib/chef/provider/link.rb:111:in `unlink'
C:/opscode/chefdk/embedded/apps/chef/lib/chef/provider/link.rb:111:in `block in action_create'
C:/opscode/chefdk/embedded/apps/chef/lib/chef/mixin/why_run.rb:52:in `call'
C:/opscode/chefdk/embedded/apps/chef/lib/chef/mixin/why_run.rb:52:in `add_action'
C:/opscode/chefdk/embedded/apps/chef/lib/chef/provider.rb:175:in `converge_by'
C:/opscode/chefdk/embedded/apps/chef/lib/chef/provider/link.rb:110:in `action_create'
C:/opscode/chefdk/embedded/apps/chef/lib/chef/provider.rb:140:in `run_action'
C:/opscode/chefdk/embedded/apps/chef/lib/chef/resource.rb:584:in `run_action'
C:/opscode/chefdk/embedded/apps/chef/lib/chef/runner.rb:49:in `run_action'
C:/opscode/chefdk/embedded/apps/chef/lib/chef/runner.rb:81:in `block (2 levels) in converge'
C:/opscode/chefdk/embedded/apps/chef/lib/chef/runner.rb:81:in `each'
C:/opscode/chefdk/embedded/apps/chef/lib/chef/runner.rb:81:in `block in converge'
C:/opscode/chefdk/embedded/apps/chef/lib/chef/resource_collection/resource_list.rb:83:in `block in execute_each_resource'
C:/opscode/chefdk/embedded/apps/chef/lib/chef/resource_collection/stepable_iterator.rb:116:in `call'
C:/opscode/chefdk/embedded/apps/chef/lib/chef/resource_collection/stepable_iterator.rb:116:in `call_iterator_block'
C:/opscode/chefdk/embedded/apps/chef/lib/chef/resource_collection/stepable_iterator.rb:85:in `step'
C:/opscode/chefdk/embedded/apps/chef/lib/chef/resource_collection/stepable_iterator.rb:104:in `iterate'
C:/opscode/chefdk/embedded/apps/chef/lib/chef/resource_collection/stepable_iterator.rb:55:in `each_with_index'
C:/opscode/chefdk/embedded/apps/chef/lib/chef/resource_collection/resource_list.rb:81:in `execute_each_resource'
C:/opscode/chefdk/embedded/apps/chef/lib/chef/runner.rb:80:in `converge'
C:/opscode/chefdk/embedded/apps/chef/lib/chef/client.rb:654:in `block in converge'
C:/opscode/chefdk/embedded/apps/chef/lib/chef/client.rb:649:in `catch'
C:/opscode/chefdk/embedded/apps/chef/lib/chef/client.rb:649:in `converge'
C:/opscode/chefdk/embedded/apps/chef/lib/chef/client.rb:688:in `converge_and_save'
C:/opscode/chefdk/embedded/apps/chef/lib/chef/client.rb:269:in `run'
C:/opscode/chefdk/embedded/apps/chef/lib/chef/application.rb:252:in `run_with_graceful_exit_option'
C:/opscode/chefdk/embedded/apps/chef/lib/chef/application.rb:229:in `block in run_chef_client'
C:/opscode/chefdk/embedded/apps/chef/lib/chef/local_mode.rb:39:in `with_server_connectivity'
C:/opscode/chefdk/embedded/apps/chef/lib/chef/application.rb:212:in `run_chef_client'
C:/opscode/chefdk/embedded/apps/chef/lib/chef/application/client.rb:402:in `block in interval_run_chef_client'
C:/opscode/chefdk/embedded/apps/chef/lib/chef/application/client.rb:392:in `loop'
C:/opscode/chefdk/embedded/apps/chef/lib/chef/application/client.rb:392:in `interval_run_chef_client'
C:/opscode/chefdk/embedded/apps/chef/lib/chef/application/client.rb:382:in `run_application'
C:/opscode/chefdk/embedded/apps/chef/lib/chef/application.rb:60:in `run'
C:/opscode/chefdk/embedded/apps/chef/bin/chef-client:26:in `<top (required)>'
C:/opscode/chefdk/bin/chef-client:67:in `load'
C:/opscode/chefdk/bin/chef-client:67:in `<main>'